<?xml version="1.0" encoding="UTF-8"?>
<!-- Generated by org.testng.reporters.JUnitReportReporter -->
<testsuite hostname="Thirosh" failures="0" tests="2" name="k_pack.TestSeven" time="14.760" errors="0" timestamp="2024-02-19T11:37:29 IST" skipped="0">
  <testcase classname="k_pack.TestSeven" name="testA" time="8.131"/>
  <testcase classname="k_pack.TestSeven" name="testB" time="6.629"/>
</testsuite> <!-- k_pack.TestSeven -->
