<?xml version="1.0" encoding="UTF-8"?>
<!-- Generated by org.testng.reporters.JUnitReportReporter -->
<testsuite hostname="Thirosh" failures="0" tests="1" name="o_pack.TestFive" time="0.003" errors="0" timestamp="2024-02-18T17:45:55 IST" skipped="0">
  <testcase classname="o_pack.TestFive" name="testFive" time="0.003"/>
</testsuite> <!-- o_pack.TestFive -->
