<?xml version="1.0" encoding="UTF-8"?>
<!-- Generated by org.testng.reporters.JUnitReportReporter -->
<testsuite hostname="Thirosh" failures="0" tests="3" name="methods.MainMethods" time="0.015" errors="0" timestamp="2024-02-17T22:26:59 IST" skipped="0">
  <testcase classname="methods.MainMethods" name="testRegistration" time="0.012"/>
  <testcase classname="methods.MainMethods" name="testLogin" time="0.001"/>
  <testcase classname="methods.MainMethods" name="testHomePage" time="0.002"/>
</testsuite> <!-- methods.MainMethods -->
