<?xml version="1.0" encoding="UTF-8"?>
<!-- Generated by org.testng.reporters.JUnitReportReporter -->
<testsuite hostname="Thirosh" failures="0" tests="3" name="methods.Before_After_Class" time="0.009" errors="0" timestamp="2024-02-17T22:37:31 IST" skipped="0">
  <testcase classname="methods.Before_After_Class" name="testRegistration" time="0.004"/>
  <testcase classname="methods.Before_After_Class" name="testLogin" time="0.003"/>
  <testcase classname="methods.Before_After_Class" name="testHomePage" time="0.002"/>
</testsuite> <!-- methods.Before_After_Class -->
