<?xml version="1.0" encoding="UTF-8"?>
<!-- Generated by org.testng.reporters.JUnitReportReporter -->
<testsuite hostname="Thirosh" failures="0" tests="1" name="testng.TestNGPractise" time="48.134" errors="0" timestamp="2024-02-17T01:06:38 IST" skipped="0">
  <testcase classname="testng.TestNGPractise" name="testNGTest" time="48.134"/>
</testsuite> <!-- testng.TestNGPractise -->
