<?xml version="1.0" encoding="UTF-8"?>
<!-- Generated by org.testng.reporters.JUnitReportReporter -->
<testsuite hostname="Thirosh" failures="0" tests="1" name="assertionMethods.AssertionsHandle" time="5.662" errors="0" timestamp="2024-02-17T04:53:36 IST" skipped="0">
  <testcase classname="assertionMethods.AssertionsHandle" name="AssertionsMethod" time="5.662"/>
</testsuite> <!-- assertionMethods.AssertionsHandle -->
