<?xml version="1.0" encoding="UTF-8"?>
<!-- Generated by org.testng.reporters.JUnitReportReporter -->
<testsuite hostname="Thirosh" failures="0" tests="1" name="o_pack.TestFour" time="0.002" errors="0" timestamp="2024-02-18T17:45:55 IST" skipped="0">
  <testcase classname="o_pack.TestFour" name="testFour" time="0.002"/>
</testsuite> <!-- o_pack.TestFour -->
