<?xml version="1.0" encoding="UTF-8"?>
<!-- Generated by org.testng.reporters.JUnitReportReporter -->
<testsuite hostname="Thirosh" failures="0" tests="1" name="t_pack.TestThree" time="0.002" errors="0" timestamp="2024-02-18T17:54:00 IST" skipped="0">
  <testcase classname="t_pack.TestThree" name="testThree" time="0.002"/>
</testsuite> <!-- t_pack.TestThree -->
