<?xml version="1.0" encoding="UTF-8"?>
<!-- Generated by org.testng.reporters.JUnitReportReporter -->
<testsuite hostname="Thirosh" failures="0" tests="3" name="methods.Before_After_Methods" time="0.017" errors="0" timestamp="2024-02-17T22:29:46 IST" skipped="0">
  <testcase classname="methods.Before_After_Methods" name="testRegistration" time="0.011"/>
  <testcase classname="methods.Before_After_Methods" name="testLogin" time="0.003"/>
  <testcase classname="methods.Before_After_Methods" name="testHomePage" time="0.003"/>
</testsuite> <!-- methods.Before_After_Methods -->
