<?xml version="1.0" encoding="UTF-8"?>
<!-- Generated by org.testng.reporters.JUnitReportReporter -->
<testsuite hostname="Thirosh" failures="0" tests="2" name="t_pack.TestOne" time="12.994" errors="0" timestamp="2024-02-19T11:37:29 IST" skipped="0">
  <testcase classname="t_pack.TestOne" name="testB" time="5.113"/>
  <testcase classname="t_pack.TestOne" name="testA" time="7.881"/>
</testsuite> <!-- t_pack.TestOne -->
